<?xml version="1.0" encoding="utf-8" standalone="yes"?>
<coverage line-rate="0.8072289156626506" branch-rate="0.6056603773584905" complexity="1090" version="1.9" timestamp="1744314543" lines-covered="1608" lines-valid="1992" branches-covered="321" branches-valid="530">
  <packages>
    <package line-rate="0.9586206896551724" branch-rate="0.6344086021505376" complexity="613" name="DbFacade.Utils.UnitTests">
      <classes>
        <class line-rate="0.8" branch-rate="1" complexity="6" name="DbFacade.Utils.UnitTests.Metrics" filename="C:\Users\jsmc1\source\repos\DBFacade.Net\DbFacade.Utils.UnitTests\Metrics.cs">
          <methods>
            <method line-rate="0" branch-rate="1" complexity="1" name="get_MetricsList" signature="()">
              <lines>
                <line number="14" hits="0" branch="False" />
              </lines>
            </method>
            <method line-rate="0" branch-rate="1" complexity="1" name="get_ExecuteQuery_FillTime" signature="()">
              <lines>
                <line number="16" hits="0" branch="False" />
              </lines>
            </method>
            <method line-rate="0" branch-rate="1" complexity="1" name="set_ExecuteQuery_FillTime" signature="(double)">
              <lines>
                <line number="16" hits="0" branch="False" />
              </lines>
            </method>
            <method line-rate="1" branch-rate="1" complexity="1" name="Clear" signature="()">
              <lines>
                <line number="18" hits="1" branch="False" />
                <line number="19" hits="1" branch="False" />
                <line number="20" hits="1" branch="False" />
                <line number="21" hits="1" branch="False" />
              </lines>
            </method>
            <method line-rate="1" branch-rate="1" complexity="1" name="Begin" signature="(string)">
              <lines>
                <line number="23" hits="1" branch="False" />
                <line number="24" hits="1" branch="False" />
                <line number="25" hits="1" branch="False" />
                <line number="26" hits="1" branch="False" />
                <line number="27" hits="1" branch="False" />
                <line number="35" hits="1" branch="False" />
              </lines>
            </method>
            <method line-rate="1" branch-rate="1" complexity="1" name=".cctor" signature="()">
              <lines>
                <line number="13" hits="1" branch="False" />
                <line number="15" hits="1" branch="False" />
              </lines>
            </method>
          </methods>
          <lines>
            <line number="13" hits="1" branch="False" />
            <line number="14" hits="0" branch="False" />
            <line number="15" hits="1" branch="False" />
            <line number="16" hits="0" branch="False" />
            <line number="18" hits="1" branch="False" />
            <line number="19" hits="1" branch="False" />
            <line number="20" hits="1" branch="False" />
            <line number="21" hits="1" branch="False" />
            <line number="23" hits="1" branch="False" />
            <line number="24" hits="1" branch="False" />
            <line number="25" hits="1" branch="False" />
            <line number="26" hits="1" branch="False" />
            <line number="27" hits="1" branch="False" />
            <line number="35" hits="1" branch="False" />
          </lines>
        </class>
        <class line-rate="1" branch-rate="1" complexity="4" name="DbFacade.Utils.UnitTests.UnitTestBase" filename="C:\Users\jsmc1\source\repos\DBFacade.Net\DbFacade.Utils.UnitTests\UnitTestBase.cs">
          <methods>
            <method line-rate="1" branch-rate="1" complexity="4" name="Setup" signature="()">
              <lines>
                <line number="194" hits="1" branch="False" />
                <line number="195" hits="1" branch="True" condition-coverage="100% (2/2)">
                  <conditions>
                    <condition number="0" type="jump" coverage="100%" />
                  </conditions>
                </line>
                <line number="202" hits="1" branch="False" />
                <line number="203" hits="1" branch="False" />
                <line number="204" hits="1" branch="True" condition-coverage="100% (2/2)">
                  <conditions>
                    <condition number="0" type="jump" coverage="100%" />
                  </conditions>
                </line>
                <line number="205" hits="1" branch="False" />
              </lines>
            </method>
          </methods>
          <lines>
            <line number="194" hits="1" branch="False" />
            <line number="195" hits="1" branch="True" condition-coverage="100% (2/2)">
              <conditions>
                <condition number="0" type="jump" coverage="100%" />
              </conditions>
            </line>
            <line number="202" hits="1" branch="False" />
            <line number="203" hits="1" branch="False" />
            <line number="204" hits="1" branch="True" condition-coverage="100% (2/2)">
              <conditions>
                <condition number="0" type="jump" coverage="100%" />
              </conditions>
            </line>
            <line number="205" hits="1" branch="False" />
          </lines>
        </class>
        <class line-rate="0.9166666666666666" branch-rate="0.5" complexity="8" name="DbFacade.Utils.UnitTests.UnitTests_InstanceFactoryBase" filename="C:\Users\jsmc1\source\repos\DBFacade.Net\DbFacade.Utils.UnitTests\UnitTests_InstanceFactory.cs">
          <methods>
            <method line-rate="1" branch-rate="1" complexity="1" name="Setup" signature="()">
              <lines>
                <line number="13" hits="1" branch="False" />
              </lines>
            </method>
            <method line-rate="1" branch-rate="1" complexity="1" name="TestMakeInstance" signature="&lt;T&gt;()">
              <lines>
                <line number="16" hits="1" branch="False" />
              </lines>
            </method>
            <method line-rate="1" branch-rate="1" complexity="2" name="TestMakeInstance" signature="&lt;T&gt;(T)">
              <lines>
                <line number="18" hits="1" branch="True" condition-coverage="100% (2/2)">
                  <conditions>
                    <condition number="0" type="jump" coverage="100%" />
                  </conditions>
                </line>
              </lines>
            </method>
            <method line-rate="1" branch-rate="1" complexity="1" name="TestMakeInstance" signature="&lt;T&gt;(T, System.Action&lt;T, T&gt;)">
              <lines>
                <line number="20" hits="1" branch="False" />
                <line number="21" hits="1" branch="False" />
                <line number="22" hits="1" branch="False" />
                <line number="23" hits="1" branch="False" />
              </lines>
            </method>
            <method line-rate="0" branch-rate="0" complexity="2" name="TestMakeInstance" signature="&lt;T&gt;(T, object[])">
              <lines>
                <line number="25" hits="0" branch="True" condition-coverage="0% (0/2)">
                  <conditions>
                    <condition number="0" type="jump" coverage="0%" />
                  </conditions>
                </line>
              </lines>
            </method>
            <method line-rate="1" branch-rate="1" complexity="1" name="TestMakeInstance" signature="&lt;T&gt;(T, System.Action&lt;T, T&gt;, object[])">
              <lines>
                <line number="27" hits="1" branch="False" />
                <line number="28" hits="1" branch="False" />
                <line number="29" hits="1" branch="False" />
                <line number="30" hits="1" branch="False" />
              </lines>
            </method>
          </methods>
          <lines>
            <line number="13" hits="1" branch="False" />
            <line number="16" hits="1" branch="False" />
            <line number="18" hits="1" branch="True" condition-coverage="100% (2/2)">
              <conditions>
                <condition number="0" type="jump" coverage="100%" />
              </conditions>
            </line>
            <line number="20" hits="1" branch="False" />
            <line number="21" hits="1" branch="False" />
            <line number="22" hits="1" branch="False" />
            <line number="23" hits="1" branch="False" />
            <line number="25" hits="0" branch="True" condition-coverage="0% (0/2)">
              <conditions>
                <condition number="0" type="jump" coverage="0%" />
              </conditions>
            </line>
            <line number="27" hits="1" branch="False" />
            <line number="28" hits="1" branch="False" />
            <line number="29" hits="1" branch="False" />
            <line number="30" hits="1" branch="False" />
          </lines>
        </class>
        <class line-rate="1" branch-rate="1" complexity="46" name="DbFacade.Utils.UnitTests.UnitTests_InstanceFactory" filename="C:\Users\jsmc1\source\repos\DBFacade.Net\DbFacade.Utils.UnitTests\UnitTests_InstanceFactory.cs">
          <methods>
            <method line-rate="1" branch-rate="1" complexity="1" name="MakeByte" signature="()">
              <lines>
                <line number="37" hits="1" branch="False" />
              </lines>
            </method>
            <method line-rate="1" branch-rate="1" complexity="1" name="MakeSbyte" signature="()">
              <lines>
                <line number="39" hits="1" branch="False" />
              </lines>
            </method>
            <method line-rate="1" branch-rate="1" complexity="1" name="MakeShort" signature="()">
              <lines>
                <line number="41" hits="1" branch="False" />
              </lines>
            </method>
            <method line-rate="1" branch-rate="1" complexity="1" name="MakeUshort" signature="()">
              <lines>
                <line number="43" hits="1" branch="False" />
              </lines>
            </method>
            <method line-rate="1" branch-rate="1" complexity="1" name="MakeInt" signature="()">
              <lines>
                <line number="45" hits="1" branch="False" />
              </lines>
            </method>
            <method line-rate="1" branch-rate="1" complexity="1" name="MakeUint" signature="()">
              <lines>
                <line number="47" hits="1" branch="False" />
              </lines>
            </method>
            <method line-rate="1" branch-rate="1" complexity="1" name="MakeLong" signature="()">
              <lines>
                <line number="49" hits="1" branch="False" />
              </lines>
            </method>
            <method line-rate="1" branch-rate="1" complexity="1" name="MakeUlong" signature="()">
              <lines>
                <line number="51" hits="1" branch="False" />
              </lines>
            </method>
            <method line-rate="1" branch-rate="1" complexity="1" name="MakeDouble" signature="()">
              <lines>
                <line number="53" hits="1" branch="False" />
              </lines>
            </method>
            <method line-rate="1" branch-rate="1" complexity="1" name="MakeDecimal" signature="()">
              <lines>
                <line number="55" hits="1" branch="False" />
              </lines>
            </method>
            <method line-rate="1" branch-rate="1" complexity="1" name="MakeFloat" signature="()">
              <lines>
                <line number="57" hits="1" branch="False" />
              </lines>
            </method>
            <method line-rate="1" branch-rate="1" complexity="1" name="MakeDateTime" signature="()">
              <lines>
                <line number="59" hits="1" branch="False" />
              </lines>
            </method>
            <method line-rate="1" branch-rate="1" complexity="1" name="MakeDateTimeOffset" signature="()">
              <lines>
                <line number="61" hits="1" branch="False" />
              </lines>
            </method>
            <method line-rate="1" branch-rate="1" complexity="1" name="MakeTimeSpan" signature="()">
              <lines>
                <line number="63" hits="1" branch="False" />
              </lines>
            </method>
            <method line-rate="1" branch-rate="1" complexity="1" name="MakeGuid" signature="()">
              <lines>
                <line number="65" hits="1" branch="False" />
              </lines>
            </method>
            <method line-rate="1" branch-rate="1" complexity="1" name="MakeChar" signature="()">
              <lines>
                <line number="67" hits="1" branch="False" />
              </lines>
            </method>
            <method line-rate="1" branch-rate="1" complexity="1" name="MakeBool" signature="()">
              <lines>
                <line number="69" hits="1" branch="False" />
              </lines>
            </method>
            <method line-rate="1" branch-rate="1" complexity="1" name="MakeString" signature="()">
              <lines>
                <line number="71" hits="1" branch="False" />
              </lines>
            </method>
            <method line-rate="1" branch-rate="1" complexity="1" name="MakeTestEnum" signature="()">
              <lines>
                <line number="73" hits="1" branch="False" />
              </lines>
            </method>
            <method line-rate="1" branch-rate="1" complexity="2" name="MakeUserName" signature="()">
              <lines>
                <line number="75" hits="1" branch="True" condition-coverage="100% (2/2)">
                  <conditions>
                    <condition number="0" type="jump" coverage="100%" />
                  </conditions>
                </line>
              </lines>
            </method>
            <method line-rate="1" branch-rate="1" complexity="4" name="MakeCustom_Basic" signature="()">
              <lines>
                <line number="82" hits="1" branch="False" />
                <line number="83" hits="1" branch="False" />
                <line number="84" hits="1" branch="True" condition-coverage="100% (2/2)">
                  <conditions>
                    <condition number="0" type="jump" coverage="100%" />
                  </conditions>
                </line>
                <line number="91" hits="1" branch="False" />
                <line number="92" hits="1" branch="True" condition-coverage="100% (2/2)">
                  <conditions>
                    <condition number="0" type="jump" coverage="100%" />
                  </conditions>
                </line>
                <line number="98" hits="1" branch="False" />
              </lines>
            </method>
            <method line-rate="1" branch-rate="1" complexity="2" name="MakeCustom_Complex" signature="()">
              <lines>
                <line number="101" hits="1" branch="False" />
                <line number="102" hits="1" branch="False" />
                <line number="103" hits="1" branch="False" />
                <line number="104" hits="1" branch="True" condition-coverage="100% (2/2)">
                  <conditions>
                    <condition number="0" type="jump" coverage="100%" />
                  </conditions>
                </line>
                <line number="112" hits="1" branch="False" />
              </lines>
            </method>
            <method line-rate="1" branch-rate="1" complexity="2" name="MakeCustom_ReturnsDefault" signature="()">
              <lines>
                <line number="115" hits="1" branch="False" />
                <line number="116" hits="1" branch="False" />
                <line number="117" hits="1" branch="False" />
                <line number="118" hits="1" branch="True" condition-coverage="100% (2/2)">
                  <conditions>
                    <condition number="0" type="jump" coverage="100%" />
                  </conditions>
                </line>
                <line number="124" hits="1" branch="False" />
              </lines>
            </method>
            <method line-rate="1" branch-rate="1" complexity="1" name="MakeByteOptional" signature="()">
              <lines>
                <line number="127" hits="1" branch="False" />
              </lines>
            </method>
            <method line-rate="1" branch-rate="1" complexity="1" name="MakeSbyteOptional" signature="()">
              <lines>
                <line number="129" hits="1" branch="False" />
              </lines>
            </method>
            <method line-rate="1" branch-rate="1" complexity="1" name="MakeShortOptional" signature="()">
              <lines>
                <line number="131" hits="1" branch="False" />
              </lines>
            </method>
            <method line-rate="1" branch-rate="1" complexity="1" name="MakeUshortOptional" signature="()">
              <lines>
                <line number="133" hits="1" branch="False" />
              </lines>
            </method>
            <method line-rate="1" branch-rate="1" complexity="1" name="MakeIntOptional" signature="()">
              <lines>
                <line number="135" hits="1" branch="False" />
              </lines>
            </method>
            <method line-rate="1" branch-rate="1" complexity="1" name="MakeUintOptional" signature="()">
              <lines>
                <line number="137" hits="1" branch="False" />
              </lines>
            </method>
            <method line-rate="1" branch-rate="1" complexity="1" name="MakeLongOptional" signature="()">
              <lines>
                <line number="139" hits="1" branch="False" />
              </lines>
            </method>
            <method line-rate="1" branch-rate="1" complexity="1" name="MakeUlongOptional" signature="()">
              <lines>
                <line number="141" hits="1" branch="False" />
              </lines>
            </method>
            <method line-rate="1" branch-rate="1" complexity="1" name="MakeDoubleOptional" signature="()">
              <lines>
                <line number="143" hits="1" branch="False" />
              </lines>
            </method>
            <method line-rate="1" branch-rate="1" complexity="1" name="MakeDecimalOptional" signature="()">
              <lines>
                <line number="145" hits="1" branch="False" />
              </lines>
            </method>
            <method line-rate="1" branch-rate="1" complexity="1" name="MakeFloatOptional" signature="()">
              <lines>
                <line number="147" hits="1" branch="False" />
              </lines>
            </method>
            <method line-rate="1" branch-rate="1" complexity="1" name="MakeDateTimeOptional" signature="()">
              <lines>
                <line number="149" hits="1" branch="False" />
              </lines>
            </method>
            <method line-rate="1" branch-rate="1" complexity="1" name="MakeDateTimeOffsetOptional" signature="()">
              <lines>
                <line number="151" hits="1" branch="False" />
              </lines>
            </method>
            <method line-rate="1" branch-rate="1" complexity="1" name="MakeTimeSpanOptional" signature="()">
              <lines>
                <line number="153" hits="1" branch="False" />
              </lines>
            </method>
            <method line-rate="1" branch-rate="1" complexity="1" name="MakeGuidOptional" signature="()">
              <lines>
                <line number="155" hits="1" branch="False" />
              </lines>
            </method>
            <method line-rate="1" branch-rate="1" complexity="1" name="MakeCharOptional" signature="()">
              <lines>
                <line number="157" hits="1" branch="False" />
              </lines>
            </method>
            <method line-rate="1" branch-rate="1" complexity="1" name="MakeBoolOptional" signature="()">
              <lines>
                <line number="159" hits="1" branch="False" />
              </lines>
            </method>
          </methods>
          <lines>
            <line number="37" hits="1" branch="False" />
            <line number="39" hits="1" branch="False" />
            <line number="41" hits="1" branch="False" />
            <line number="43" hits="1" branch="False" />
            <line number="45" hits="1" branch="False" />
            <line number="47" hits="1" branch="False" />
            <line number="49" hits="1" branch="False" />
            <line number="51" hits="1" branch="False" />
            <line number="53" hits="1" branch="False" />
            <line number="55" hits="1" branch="False" />
            <line number="57" hits="1" branch="False" />
            <line number="59" hits="1" branch="False" />
            <line number="61" hits="1" branch="False" />
            <line number="63" hits="1" branch="False" />
            <line number="65" hits="1" branch="False" />
            <line number="67" hits="1" branch="False" />
            <line number="69" hits="1" branch="False" />
            <line number="71" hits="1" branch="False" />
            <line number="73" hits="1" branch="False" />
            <line number="75" hits="1" branch="True" condition-coverage="100% (2/2)">
              <conditions>
                <condition number="0" type="jump" coverage="100%" />
              </conditions>
            </line>
            <line number="82" hits="1" branch="False" />
            <line number="83" hits="1" branch="False" />
            <line number="84" hits="1" branch="True" condition-coverage="100% (2/2)">
              <conditions>
                <condition number="0" type="jump" coverage="100%" />
              </conditions>
            </line>
            <line number="91" hits="1" branch="False" />
            <line number="92" hits="1" branch="True" condition-coverage="100% (2/2)">
              <conditions>
                <condition number="0" type="jump" coverage="100%" />
              </conditions>
            </line>
            <line number="98" hits="1" branch="False" />
            <line number="101" hits="1" branch="False" />
            <line number="102" hits="1" branch="False" />
            <line number="103" hits="1" branch="False" />
            <line number="104" hits="1" branch="True" condition-coverage="100% (2/2)">
              <conditions>
                <condition number="0" type="jump" coverage="100%" />
              </conditions>
            </line>
            <line number="112" hits="1" branch="False" />
            <line number="115" hits="1" branch="False" />
            <line number="116" hits="1" branch="False" />
            <line number="117" hits="1" branch="False" />
            <line number="118" hits="1" branch="True" condition-coverage="100% (2/2)">
              <conditions>
                <condition number="0" type="jump" coverage="100%" />
              </conditions>
            </line>
            <line number="124" hits="1" branch="False" />
            <line number="127" hits="1" branch="False" />
            <line number="129" hits="1" branch="False" />
            <line number="131" hits="1" branch="False" />
            <line number="133" hits="1" branch="False" />
            <line number="135" hits="1" branch="False" />
            <line number="137" hits="1" branch="False" />
            <line number="139" hits="1" branch="False" />
            <line number="141" hits="1" branch="False" />
            <line number="143" hits="1" branch="False" />
            <line number="145" hits="1" branch="False" />
            <line number="147" hits="1" branch="False" />
            <line number="149" hits="1" branch="False" />
            <line number="151" hits="1" branch="False" />
            <line number="153" hits="1" branch="False" />
            <line number="155" hits="1" branch="False" />
            <line number="157" hits="1" branch="False" />
            <line number="159" hits="1" branch="False" />
          </lines>
        </class>
        <class line-rate="0.9" branch-rate="0.7" complexity="11" name="DbFacade.Utils.UnitTests.UnitTestConverterBase&lt;TFrom&gt;" filename="C:\Users\jsmc1\source\repos\DBFacade.Net\DbFacade.Utils.UnitTests\UnitTest_ConverterFactory.cs">
          <methods>
            <method line-rate="0" branch-rate="0" complexity="2" name="Transform" signature="&lt;TTo&gt;(TTo)">
              <lines>
                <line number="9" hits="0" branch="True" condition-coverage="0% (0/2)">
                  <conditions>
                    <condition number="0" type="jump" coverage="0%" />
                  </conditions>
                </line>
              </lines>
            </method>
            <method line-rate="1" branch-rate="1" complexity="2" name="TestValueConverter" signature="&lt;TTo&gt;(TTo)">
              <lines>
                <line number="11" hits="1" branch="True" condition-coverage="100% (2/2)">
                  <conditions>
                    <condition number="0" type="jump" coverage="100%" />
                  </conditions>
                </line>
              </lines>
            </method>
            <method line-rate="1" branch-rate="0.5" complexity="2" name="TestValueConverter" signature="&lt;TTo&gt;(TTo, System.Func&lt;TTo, TFrom&gt;, System.Action&lt;TTo, TTo&gt;)">
              <lines>
                <line number="13" hits="1" branch="True" condition-coverage="50% (1/2)">
                  <conditions>
                    <condition number="0" type="jump" coverage="50%" />
                  </conditions>
                </line>
              </lines>
            </method>
            <method line-rate="1" branch-rate="1" complexity="2" name="TestValueConverter" signature="&lt;TTo&gt;(TTo, System.Action&lt;TTo, TTo&gt;)">
              <lines>
                <line number="15" hits="1" branch="True" condition-coverage="100% (2/2)">
                  <conditions>
                    <condition number="0" type="jump" coverage="100%" />
                  </conditions>
                </line>
              </lines>
            </method>
            <method line-rate="1" branch-rate="1" complexity="2" name="TestValueConverter" signature="&lt;TTo&gt;(TFrom, TTo)">
              <lines>
                <line number="17" hits="1" branch="True" condition-coverage="100% (2/2)">
                  <conditions>
                    <condition number="0" type="jump" coverage="100%" />
                  </conditions>
                </line>
              </lines>
            </method>
            <method line-rate="1" branch-rate="1" complexity="1" name="TestValueConverter" signature="&lt;TTo&gt;(TFrom, TTo, System.Action&lt;TTo, TTo&gt;)">
              <lines>
                <line number="19" hits="1" branch="False" />
                <line number="20" hits="1" branch="False" />
                <line number="21" hits="1" branch="False" />
                <line number="22" hits="1" branch="False" />
                <line number="23" hits="1" branch="False" />
              </lines>
            </method>
          </methods>
          <lines>
            <line number="9" hits="0" branch="True" condition-coverage="0% (0/2)">
              <conditions>
                <condition number="0" type="jump" coverage="0%" />
              </conditions>
            </line>
            <line number="11" hits="1" branch="True" condition-coverage="100% (2/2)">
              <conditions>
                <condition number="0" type="jump" coverage="100%" />
              </conditions>
            </line>
            <line number="13" hits="1" branch="True" condition-coverage="50% (1/2)">
              <conditions>
                <condition number="0" type="jump" coverage="50%" />
              </conditions>
            </line>
            <line number="15" hits="1" branch="True" condition-coverage="100% (2/2)">
              <conditions>
                <condition number="0" type="jump" coverage="100%" />
              </conditions>
            </line>
            <line number="17" hits="1" branch="True" condition-coverage="100% (2/2)">
              <conditions>
                <condition number="0" type="jump" coverage="100%" />
              </conditions>
            </line>
            <line number="19" hits="1" branch="False" />
            <line number="20" hits="1" branch="False" />
            <line number="21" hits="1" branch="False" />
            <line number="22" hits="1" branch="False" />
            <line number="23" hits="1" branch="False" />
          </lines>
        </class>
        <class line-rate="1" branch-rate="1" complexity="55" name="DbFacade.Utils.UnitTests.UnitTest_StringConverter" filename="C:\Users\jsmc1\source\repos\DBFacade.Net\DbFacade.Utils.UnitTests\UnitTest_ConverterFactory.cs">
          <methods>
            <method line-rate="1" branch-rate="1" complexity="1" name="Transform" signature="&lt;TTo&gt;(TTo)">
              <lines>
                <line number="29" hits="1" branch="False" />
              </lines>
            </method>
            <method line-rate="1" branch-rate="1" complexity="1" name="ParseByte" signature="()">
              <lines>
                <line number="33" hits="1" branch="False" />
              </lines>
            </method>
            <method line-rate="1" branch-rate="1" complexity="1" name="ParseSbyte" signature="()">
              <lines>
                <line number="35" hits="1" branch="False" />
              </lines>
            </method>
            <method line-rate="1" branch-rate="1" complexity="1" name="ParseShort" signature="()">
              <lines>
                <line number="37" hits="1" branch="False" />
              </lines>
            </method>
            <method line-rate="1" branch-rate="1" complexity="1" name="ParseUshort" signature="()">
              <lines>
                <line number="39" hits="1" branch="False" />
              </lines>
            </method>
            <method line-rate="1" branch-rate="1" complexity="1" name="ParseInt" signature="()">
              <lines>
                <line number="41" hits="1" branch="False" />
              </lines>
            </method>
            <method line-rate="1" branch-rate="1" complexity="1" name="ParseUint" signature="()">
              <lines>
                <line number="43" hits="1" branch="False" />
              </lines>
            </method>
            <method line-rate="1" branch-rate="1" complexity="1" name="ParseDouble" signature="()">
              <lines>
                <line number="45" hits="1" branch="False" />
              </lines>
            </method>
            <method line-rate="1" branch-rate="1" complexity="1" name="ParseDecimal" signature="()">
              <lines>
                <line number="47" hits="1" branch="False" />
              </lines>
            </method>
            <method line-rate="1" branch-rate="1" complexity="1" name="ParseFloat" signature="()">
              <lines>
                <line number="49" hits="1" branch="False" />
              </lines>
            </method>
            <method line-rate="1" branch-rate="1" complexity="1" name="ParseDateTime" signature="()">
              <lines>
                <line number="51" hits="1" branch="False" />
              </lines>
            </method>
            <method line-rate="1" branch-rate="1" complexity="1" name="ParseDateTimeOffset" signature="()">
              <lines>
                <line number="53" hits="1" branch="False" />
              </lines>
            </method>
            <method line-rate="1" branch-rate="1" complexity="1" name="ParseTimeSpan" signature="()">
              <lines>
                <line number="55" hits="1" branch="False" />
              </lines>
            </method>
            <method line-rate="1" branch-rate="1" complexity="1" name="ParseGuid" signature="()">
              <lines>
                <line number="57" hits="1" branch="False" />
              </lines>
            </method>
            <method line-rate="1" branch-rate="1" complexity="1" name="ParseChar" signature="()">
              <lines>
                <line number="59" hits="1" branch="False" />
              </lines>
            </method>
            <method line-rate="1" branch-rate="1" complexity="1" name="ParseBool" signature="()">
              <lines>
                <line number="61" hits="1" branch="False" />
              </lines>
            </method>
            <method line-rate="1" branch-rate="1" complexity="1" name="ParseString" signature="()">
              <lines>
                <line number="63" hits="1" branch="False" />
              </lines>
            </method>
            <method line-rate="1" branch-rate="1" complexity="1" name="ParseMailAddress" signature="()">
              <lines>
                <line number="65" hits="1" branch="False" />
              </lines>
            </method>
            <method line-rate="1" branch-rate="1" complexity="1" name="ParseTestEnum" signature="()">
              <lines>
                <line number="67" hits="1" branch="False" />
              </lines>
            </method>
            <method line-rate="1" branch-rate="1" complexity="4" name="ParseUserName" signature="()">
              <lines>
                <line number="69" hits="1" branch="True" condition-coverage="100% (4/4)">
                  <conditions>
                    <condition number="0" type="jump" coverage="100%" />
                    <condition number="1" type="jump" coverage="100%" />
                  </conditions>
                </line>
              </lines>
            </method>
            <method line-rate="1" branch-rate="1" complexity="4" name="ParseCustom" signature="()">
              <lines>
                <line number="76" hits="1" branch="False" />
                <line number="77" hits="1" branch="False" />
                <line number="78" hits="1" branch="True" condition-coverage="100% (4/4)">
                  <conditions>
                    <condition number="0" type="jump" coverage="100%" />
                    <condition number="1" type="jump" coverage="100%" />
                  </conditions>
                </line>
                <line number="83" hits="1" branch="False" />
              </lines>
            </method>
            <method line-rate="1" branch-rate="1" complexity="1" name="ParseByteOptional" signature="()">
              <lines>
                <line number="87" hits="1" branch="False" />
              </lines>
            </method>
            <method line-rate="1" branch-rate="1" complexity="1" name="ParseSbyteOptional" signature="()">
              <lines>
                <line number="89" hits="1" branch="False" />
              </lines>
            </method>
            <method line-rate="1" branch-rate="1" complexity="1" name="ParseShortOptional" signature="()">
              <lines>
                <line number="91" hits="1" branch="False" />
              </lines>
            </method>
            <method line-rate="1" branch-rate="1" complexity="1" name="ParseUshortOptional" signature="()">
              <lines>
                <line number="93" hits="1" branch="False" />
              </lines>
            </method>
            <method line-rate="1" branch-rate="1" complexity="1" name="ParseIntOptional" signature="()">
              <lines>
                <line number="95" hits="1" branch="False" />
              </lines>
            </method>
            <method line-rate="1" branch-rate="1" complexity="1" name="ParseUintOptional" signature="()">
              <lines>
                <line number="97" hits="1" branch="False" />
              </lines>
            </method>
            <method line-rate="1" branch-rate="1" complexity="1" name="ParseDoubleOptional" signature="()">
              <lines>
                <line number="99" hits="1" branch="False" />
              </lines>
            </method>
            <method line-rate="1" branch-rate="1" complexity="1" name="ParseDecimalOptional" signature="()">
              <lines>
                <line number="101" hits="1" branch="False" />
              </lines>
            </method>
            <method line-rate="1" branch-rate="1" complexity="1" name="ParseDateTimeOptional" signature="()">
              <lines>
                <line number="103" hits="1" branch="False" />
              </lines>
            </method>
            <method line-rate="1" branch-rate="1" complexity="1" name="ParseDateTimeOffsetOptional" signature="()">
              <lines>
                <line number="105" hits="1" branch="False" />
              </lines>
            </method>
            <method line-rate="1" branch-rate="1" complexity="1" name="ParseTimeSpanOptional" signature="()">
              <lines>
                <line number="107" hits="1" branch="False" />
              </lines>
            </method>
            <method line-rate="1" branch-rate="1" complexity="1" name="ParseGuidOptional" signature="()">
              <lines>
                <line number="109" hits="1" branch="False" />
              </lines>
            </method>
            <method line-rate="1" branch-rate="1" complexity="1" name="ParseCharOptional" signature="()">
              <lines>
                <line number="111" hits="1" branch="False" />
              </lines>
            </method>
            <method line-rate="1" branch-rate="1" complexity="1" name="ParseBoolOptional" signature="()">
              <lines>
                <line number="113" hits="1" branch="False" />
              </lines>
            </method>
            <method line-rate="1" branch-rate="1" complexity="1" name="ParseByteOptionalNull" signature="()">
              <lines>
                <line number="118" hits="1" branch="False" />
              </lines>
            </method>
            <method line-rate="1" branch-rate="1" complexity="1" name="ParseSbyteOptionalNull" signature="()">
              <lines>
                <line number="120" hits="1" branch="False" />
              </lines>
            </method>
            <method line-rate="1" branch-rate="1" complexity="1" name="ParseShortOptionalNull" signature="()">
              <lines>
                <line number="122" hits="1" branch="False" />
              </lines>
            </method>
            <method line-rate="1" branch-rate="1" complexity="1" name="ParseUshortOptionalNull" signature="()">
              <lines>
                <line number="124" hits="1" branch="False" />
              </lines>
            </method>
            <method line-rate="1" branch-rate="1" complexity="1" name="ParseIntOptionalNull" signature="()">
              <lines>
                <line number="126" hits="1" branch="False" />
              </lines>
            </method>
            <method line-rate="1" branch-rate="1" complexity="1" name="ParseUintOptionalNull" signature="()">
              <lines>
                <line number="128" hits="1" branch="False" />
              </lines>
            </method>
            <method line-rate="1" branch-rate="1" complexity="1" name="ParseDoubleOptionalNull" signature="()">
              <lines>
                <line number="130" hits="1" branch="False" />
              </lines>
            </method>
            <method line-rate="1" branch-rate="1" complexity="1" name="ParseDecimalOptionalNull" signature="()">
              <lines>
                <line number="132" hits="1" branch="False" />
              </lines>
            </method>
            <method line-rate="1" branch-rate="1" complexity="1" name="ParseDateTimeOptionalNull" signature="()">
              <lines>
                <line number="134" hits="1" branch="False" />
              </lines>
            </method>
            <method line-rate="1" branch-rate="1" complexity="1" name="ParseDateTimeOffsetOptionalNull" signature="()">
              <lines>
                <line number="136" hits="1" branch="False" />
              </lines>
            </method>
            <method line-rate="1" branch-rate="1" complexity="1" name="ParseTimeSpanOptionalNull" signature="()">
              <lines>
                <line number="138" hits="1" branch="False" />
              </lines>
            </method>
            <method line-rate="1" branch-rate="1" complexity="1" name="ParseGuidOptionalNull" signature="()">
              <lines>
                <line number="140" hits="1" branch="False" />
              </lines>
            </method>
            <method line-rate="1" branch-rate="1" complexity="1" name="ParseCharOptionalNull" signature="()">
              <lines>
                <line number="142" hits="1" branch="False" />
              </lines>
            </method>
            <method line-rate="1" branch-rate="1" complexity="1" name="ParseBoolOptionalNull" signature="()">
              <lines>
                <line number="144" hits="1" branch="False" />
              </lines>
            </method>
          </methods>
          <lines>
            <line number="29" hits="1" branch="False" />
            <line number="33" hits="1" branch="False" />
            <line number="35" hits="1" branch="False" />
            <line number="37" hits="1" branch="False" />
            <line number="39" hits="1" branch="False" />
            <line number="41" hits="1" branch="False" />
            <line number="43" hits="1" branch="False" />
            <line number="45" hits="1" branch="False" />
            <line number="47" hits="1" branch="False" />
            <line number="49" hits="1" branch="False" />
            <line number="51" hits="1" branch="False" />
            <line number="53" hits="1" branch="False" />
            <line number="55" hits="1" branch="False" />
            <line number="57" hits="1" branch="False" />
            <line number="59" hits="1" branch="False" />
            <line number="61" hits="1" branch="False" />
            <line number="63" hits="1" branch="False" />
            <line number="65" hits="1" branch="False" />
            <line number="67" hits="1" branch="False" />
            <line number="69" hits="1" branch="True" condition-coverage="100% (4/4)">
              <conditions>
                <condition number="0" type="jump" coverage="100%" />
                <condition number="1" type="jump" coverage="100%" />
              </conditions>
            </line>
            <line number="76" hits="1" branch="False" />
            <line number="77" hits="1" branch="False" />
            <line number="78" hits="1" branch="True" condition-coverage="100% (4/4)">
              <conditions>
                <condition number="0" type="jump" coverage="100%" />
                <condition number="1" type="jump" coverage="100%" />
              </conditions>
            </line>
            <line number="83" hits="1" branch="False" />
            <line number="87" hits="1" branch="False" />
            <line number="89" hits="1" branch="False" />
            <line number="91" hits="1" branch="False" />
            <line number="93" hits="1" branch="False" />
            <line number="95" hits="1" branch="False" />
            <line number="97" hits="1" branch="False" />
            <line number="99" hits="1" branch="False" />
            <line number="101" hits="1" branch="False" />
            <line number="103" hits="1" branch="False" />
            <line number="105" hits="1" branch="False" />
            <line number="107" hits="1" branch="False" />
            <line number="109" hits="1" branch="False" />
            <line number="111" hits="1" branch="False" />
            <line number="113" hits="1" branch="False" />
            <line number="118" hits="1" branch="False" />
            <line number="120" hits="1" branch="False" />
            <line number="122" hits="1" branch="False" />
            <line number="124" hits="1" branch="False" />
            <line number="126" hits="1" branch="False" />
            <line number="128" hits="1" branch="False" />
            <line number="130" hits="1" branch="False" />
            <line number="132" hits="1" branch="False" />
            <line number="134" hits="1" branch="False" />
            <line number="136" hits="1" branch="False" />
            <line number="138" hits="1" branch="False" />
            <line number="140" hits="1" branch="False" />
            <line number="142" hits="1" branch="False" />
            <line number="144" hits="1" branch="False" />
          </lines>
        </class>
        <class line-rate="1" branch-rate="1" complexity="13" name="DbFacade.Utils.UnitTests.UnitTest_ShortConverter" filename="C:\Users\jsmc1\source\repos\DBFacade.Net\DbFacade.Utils.UnitTests\UnitTest_ConverterFactory.cs">
          <methods>
            <method line-rate="1" branch-rate="1" complexity="1" name="ParseByte" signature="()">
              <lines>
                <line number="151" hits="1" branch="False" />
              </lines>
            </method>
            <method line-rate="1" branch-rate="1" complexity="1" name="ParseSByte" signature="()">
              <lines>
                <line number="153" hits="1" branch="False" />
              </lines>
            </method>
            <method line-rate="1" branch-rate="1" complexity="1" name="ParseShort" signature="()">
              <lines>
                <line number="155" hits="1" branch="False" />
              </lines>
            </method>
            <method line-rate="1" branch-rate="1" complexity="1" name="ParseUshort" signature="()">
              <lines>
                <line number="157" hits="1" branch="False" />
              </lines>
            </method>
            <method line-rate="1" branch-rate="1" complexity="1" name="ParseInt" signature="()">
              <lines>
                <line number="159" hits="1" branch="False" />
              </lines>
            </method>
            <method line-rate="1" branch-rate="1" complexity="1" name="ParseUint" signature="()">
              <lines>
                <line number="161" hits="1" branch="False" />
              </lines>
            </method>
            <method line-rate="1" branch-rate="1" complexity="1" name="ParseDouble" signature="()">
              <lines>
                <line number="163" hits="1" branch="False" />
              </lines>
            </method>
            <method line-rate="1" branch-rate="1" complexity="1" name="ParseDecimal" signature="()">
              <lines>
                <line number="165" hits="1" branch="False" />
              </lines>
            </method>
            <method line-rate="1" branch-rate="1" complexity="1" name="ParseFloat" signature="()">
              <lines>
                <line number="167" hits="1" branch="False" />
              </lines>
            </method>
            <method line-rate="1" branch-rate="1" complexity="1" name="ParseChar" signature="()">
              <lines>
                <line number="169" hits="1" branch="False" />
              </lines>
            </method>
            <method line-rate="1" branch-rate="1" complexity="1" name="ParseString" signature="()">
              <lines>
                <line number="171" hits="1" branch="False" />
              </lines>
            </method>
            <method line-rate="1" branch-rate="1" complexity="1" name="ParseTestEnum0" signature="()">
              <lines>
                <line number="173" hits="1" branch="False" />
              </lines>
            </method>
            <method line-rate="1" branch-rate="1" complexity="1" name="ParseTestEnum1" signature="()">
              <lines>
                <line number="175" hits="1" branch="False" />
              </lines>
            </method>
          </methods>
          <lines>
            <line number="151" hits="1" branch="False" />
            <line number="153" hits="1" branch="False" />
            <line number="155" hits="1" branch="False" />
            <line number="157" hits="1" branch="False" />
            <line number="159" hits="1" branch="False" />
            <line number="161" hits="1" branch="False" />
            <line number="163" hits="1" branch="False" />
            <line number="165" hits="1" branch="False" />
            <line number="167" hits="1" branch="False" />
            <line number="169" hits="1" branch="False" />
            <line number="171" hits="1" branch="False" />
            <line number="173" hits="1" branch="False" />
            <line number="175" hits="1" branch="False" />
          </lines>
        </class>
        <class line-rate="1" branch-rate="1" complexity="13" name="DbFacade.Utils.UnitTests.UnitTest_UShortConverter" filename="C:\Users\jsmc1\source\repos\DBFacade.Net\DbFacade.Utils.UnitTests\UnitTest_ConverterFactory.cs">
          <methods>
            <method line-rate="1" branch-rate="1" complexity="1" name="ParseByte" signature="()">
              <lines>
                <line number="181" hits="1" branch="False" />
              </lines>
            </method>
            <method line-rate="1" branch-rate="1" complexity="1" name="ParseSByte" signature="()">
              <lines>
                <line number="183" hits="1" branch="False" />
              </lines>
            </method>
            <method line-rate="1" branch-rate="1" complexity="1" name="ParseShort" signature="()">
              <lines>
                <line number="185" hits="1" branch="False" />
              </lines>
            </method>
            <method line-rate="1" branch-rate="1" complexity="1" name="ParseUshort" signature="()">
              <lines>
                <line number="187" hits="1" branch="False" />
              </lines>
            </method>
            <method line-rate="1" branch-rate="1" complexity="1" name="ParseInt" signature="()">
              <lines>
                <line number="189" hits="1" branch="False" />
              </lines>
            </method>
            <method line-rate="1" branch-rate="1" complexity="1" name="ParseUint" signature="()">
              <lines>
                <line number="191" hits="1" branch="False" />
              </lines>
            </method>
            <method line-rate="1" branch-rate="1" complexity="1" name="ParseDouble" signature="()">
              <lines>
                <line number="193" hits="1" branch="False" />
              </lines>
            </method>
            <method line-rate="1" branch-rate="1" complexity="1" name="ParseDecimal" signature="()">
              <lines>
                <line number="195" hits="1" branch="False" />
              </lines>
            </method>
            <method line-rate="1" branch-rate="1" complexity="1" name="ParseFloat" signature="()">
              <lines>
                <line number="197" hits="1" branch="False" />
              </lines>
            </method>
            <method line-rate="1" branch-rate="1" complexity="1" name="ParseChar" signature="()">
              <lines>
                <line number="199" hits="1" branch="False" />
              </lines>
            </method>
            <method line-rate="1" branch-rate="1" complexity="1" name="ParseString" signature="()">
              <lines>
                <line number="201" hits="1" branch="False" />
              </lines>
            </method>
            <method line-rate="1" branch-rate="1" complexity="1" name="ParseTestEnum0" signature="()">
              <lines>
                <line number="203" hits="1" branch="False" />
              </lines>
            </method>
            <method line-rate="1" branch-rate="1" complexity="1" name="ParseTestEnum1" signature="()">
              <lines>
                <line number="205" hits="1" branch="False" />
              </lines>
            </method>
          </methods>
          <lines>
            <line number="181" hits="1" branch="False" />
            <line number="183" hits="1" branch="False" />
            <line number="185" hits="1" branch="False" />
            <line number="187" hits="1" branch="False" />
            <line number="189" hits="1" branch="False" />
            <line number="191" hits="1" branch="False" />
            <line number="193" hits="1" branch="False" />
            <line number="195" hits="1" branch="False" />
            <line number="197" hits="1" branch="False" />
            <line number="199" hits="1" branch="False" />
            <line number="201" hits="1" branch="False" />
            <line number="203" hits="1" branch="False" />
            <line number="205" hits="1" branch="False" />
          </lines>
        </class>
        <class line-rate="1" branch-rate="1" complexity="13" name="DbFacade.Utils.UnitTests.UnitTest_IntegerConverter" filename="C:\Users\jsmc1\source\repos\DBFacade.Net\DbFacade.Utils.UnitTests\UnitTest_ConverterFactory.cs">
          <methods>
            <method line-rate="1" branch-rate="1" complexity="1" name="ParseByte" signature="()">
              <lines>
                <line number="211" hits="1" branch="False" />
              </lines>
            </method>
            <method line-rate="1" branch-rate="1" complexity="1" name="ParseSByte" signature="()">
              <lines>
                <line number="213" hits="1" branch="False" />
              </lines>
            </method>
            <method line-rate="1" branch-rate="1" complexity="1" name="ParseShort" signature="()">
              <lines>
                <line number="215" hits="1" branch="False" />
              </lines>
            </method>
            <method line-rate="1" branch-rate="1" complexity="1" name="ParseUshort" signature="()">
              <lines>
                <line number="217" hits="1" branch="False" />
              </lines>
            </method>
            <method line-rate="1" branch-rate="1" complexity="1" name="ParseInt" signature="()">
              <lines>
                <line number="219" hits="1" branch="False" />
              </lines>
            </method>
            <method line-rate="1" branch-rate="1" complexity="1" name="ParseUint" signature="()">
              <lines>
                <line number="221" hits="1" branch="False" />
              </lines>
            </method>
            <method line-rate="1" branch-rate="1" complexity="1" name="ParseDouble" signature="()">
              <lines>
                <line number="223" hits="1" branch="False" />
              </lines>
            </method>
            <method line-rate="1" branch-rate="1" complexity="1" name="ParseDecimal" signature="()">
              <lines>
                <line number="225" hits="1" branch="False" />
              </lines>
            </method>
            <method line-rate="1" branch-rate="1" complexity="1" name="ParseFloat" signature="()">
              <lines>
                <line number="227" hits="1" branch="False" />
              </lines>
            </method>
            <method line-rate="1" branch-rate="1" complexity="1" name="ParseChar" signature="()">
              <lines>
                <line number="229" hits="1" branch="False" />
              </lines>
            </method>
            <method line-rate="1" branch-rate="1" complexity="1" name="ParseString" signature="()">
              <lines>
                <line number="231" hits="1" branch="False" />
              </lines>
            </method>
            <method line-rate="1" branch-rate="1" complexity="1" name="ParseTestEnum0" signature="()">
              <lines>
                <line number="233" hits="1" branch="False" />
              </lines>
            </method>
            <method line-rate="1" branch-rate="1" complexity="1" name="ParseTestEnum1" signature="()">
              <lines>
                <line number="235" hits="1" branch="False" />
              </lines>
            </method>
          </methods>
          <lines>
            <line number="211" hits="1" branch="False" />
            <line number="213" hits="1" branch="False" />
            <line number="215" hits="1" branch="False" />
            <line number="217" hits="1" branch="False" />
            <line number="219" hits="1" branch="False" />
            <line number="221" hits="1" branch="False" />
            <line number="223" hits="1" branch="False" />
            <line number="225" hits="1" branch="False" />
            <line number="227" hits="1" branch="False" />
            <line number="229" hits="1" branch="False" />
            <line number="231" hits="1" branch="False" />
            <line number="233" hits="1" branch="False" />
            <line number="235" hits="1" branch="False" />
          </lines>
        </class>
        <class line-rate="1" branch-rate="1" complexity="13" name="DbFacade.Utils.UnitTests.UnitTest_UIntegerConverter" filename="C:\Users\jsmc1\source\repos\DBFacade.Net\DbFacade.Utils.UnitTests\UnitTest_ConverterFactory.cs">
          <methods>
            <method line-rate="1" branch-rate="1" complexity="1" name="ParseByte" signature="()">
              <lines>
                <line number="241" hits="1" branch="False" />
              </lines>
            </method>
            <method line-rate="1" branch-rate="1" complexity="1" name="ParseSByte" signature="()">
              <lines>
                <line number="243" hits="1" branch="False" />
              </lines>
            </method>
            <method line-rate="1" branch-rate="1" complexity="1" name="ParseShort" signature="()">
              <lines>
                <line number="245" hits="1" branch="False" />
              </lines>
            </method>
            <method line-rate="1" branch-rate="1" complexity="1" name="ParseUshort" signature="()">
              <lines>
                <line number="247" hits="1" branch="False" />
              </lines>
            </method>
            <method line-rate="1" branch-rate="1" complexity="1" name="ParseInt" signature="()">
              <lines>
                <line number="249" hits="1" branch="False" />
              </lines>
            </method>
            <method line-rate="1" branch-rate="1" complexity="1" name="ParseUint" signature="()">
              <lines>
                <line number="251" hits="1" branch="False" />
              </lines>
            </method>
            <method line-rate="1" branch-rate="1" complexity="1" name="ParseDouble" signature="()">
              <lines>
                <line number="253" hits="1" branch="False" />
              </lines>
            </method>
            <method line-rate="1" branch-rate="1" complexity="1" name="ParseDecimal" signature="()">
              <lines>
                <line number="255" hits="1" branch="False" />
              </lines>
            </method>
            <method line-rate="1" branch-rate="1" complexity="1" name="ParseFloat" signature="()">
              <lines>
                <line number="257" hits="1" branch="False" />
              </lines>
            </method>
            <method line-rate="1" branch-rate="1" complexity="1" name="ParseChar" signature="()">
              <lines>
                <line number="259" hits="1" branch="False" />
              </lines>
            </method>
            <method line-rate="1" branch-rate="1" complexity="1" name="ParseString" signature="()">
              <lines>
                <line number="261" hits="1" branch="False" />
              </lines>
            </method>
            <method line-rate="1" branch-rate="1" complexity="1" name="ParseTestEnum0" signature="()">
              <lines>
                <line number="263" hits="1" branch="False" />
              </lines>
            </method>
            <method line-rate="1" branch-rate="1" complexity="1" name="ParseTestEnum1" signature="()">
              <lines>
                <line number="265" hits="1" branch="False" />
              </lines>
            </method>
          </methods>
          <lines>
            <line number="241" hits="1" branch="False" />
            <line number="243" hits="1" branch="False" />
            <line number="245" hits="1" branch="False" />
            <line number="247" hits="1" branch="False" />
            <line number="249" hits="1" branch="False" />
            <line number="251" hits="1" branch="False" />
            <line number="253" hits="1" branch="False" />
            <line number="255" hits="1" branch="False" />
            <line number="257" hits="1" branch="False" />
            <line number="259" hits="1" branch="False" />
            <line number="261" hits="1" branch="False" />
            <line number="263" hits="1" branch="False" />
            <line number="265" hits="1" branch="False" />
          </lines>
        </class>
        <class line-rate="1" branch-rate="1" complexity="13" name="DbFacade.Utils.UnitTests.UnitTest_LongConverter" filename="C:\Users\jsmc1\source\repos\DBFacade.Net\DbFacade.Utils.UnitTests\UnitTest_ConverterFactory.cs">
          <methods>
            <method line-rate="1" branch-rate="1" complexity="1" name="ParseByte" signature="()">
              <lines>
                <line number="271" hits="1" branch="False" />
              </lines>
            </method>
            <method line-rate="1" branch-rate="1" complexity="1" name="ParseSByte" signature="()">
              <lines>
                <line number="273" hits="1" branch="False" />
              </lines>
            </method>
            <method line-rate="1" branch-rate="1" complexity="1" name="ParseShort" signature="()">
              <lines>
                <line number="275" hits="1" branch="False" />
              </lines>
            </method>
            <method line-rate="1" branch-rate="1" complexity="1" name="ParseUshort" signature="()">
              <lines>
                <line number="277" hits="1" branch="False" />
              </lines>
            </method>
            <method line-rate="1" branch-rate="1" complexity="1" name="ParseInt" signature="()">
              <lines>
                <line number="279" hits="1" branch="False" />
              </lines>
            </method>
            <method line-rate="1" branch-rate="1" complexity="1" name="ParseUint" signature="()">
              <lines>
                <line number="281" hits="1" branch="False" />
              </lines>
            </method>
            <method line-rate="1" branch-rate="1" complexity="1" name="ParseDouble" signature="()">
              <lines>
                <line number="283" hits="1" branch="False" />
              </lines>
            </method>
            <method line-rate="1" branch-rate="1" complexity="1" name="ParseDecimal" signature="()">
              <lines>
                <line number="285" hits="1" branch="False" />
              </lines>
            </method>
            <method line-rate="1" branch-rate="1" complexity="1" name="ParseFloat" signature="()">
              <lines>
                <line number="287" hits="1" branch="False" />
              </lines>
            </method>
            <method line-rate="1" branch-rate="1" complexity="1" name="ParseChar" signature="()">
              <lines>
                <line number="289" hits="1" branch="False" />
              </lines>
            </method>
            <method line-rate="1" branch-rate="1" complexity="1" name="ParseString" signature="()">
              <lines>
                <line number="291" hits="1" branch="False" />
              </lines>
            </method>
            <method line-rate="1" branch-rate="1" complexity="1" name="ParseTestEnum0" signature="()">
              <lines>
                <line number="293" hits="1" branch="False" />
              </lines>
            </method>
            <method line-rate="1" branch-rate="1" complexity="1" name="ParseTestEnum1" signature="()">
              <lines>
                <line number="295" hits="1" branch="False" />
              </lines>
            </method>
          </methods>
          <lines>
            <line number="271" hits="1" branch="False" />
            <line number="273" hits="1" branch="False" />
            <line number="275" hits="1" branch="False" />
            <line number="277" hits="1" branch="False" />
            <line number="279" hits="1" branch="False" />
            <line number="281" hits="1" branch="False" />
            <line number="283" hits="1" branch="False" />
            <line number="285" hits="1" branch="False" />
            <line number="287" hits="1" branch="False" />
            <line number="289" hits="1" branch="False" />
            <line number="291" hits="1" branch="False" />
            <line number="293" hits="1" branch="False" />
            <line number="295" hits="1" branch="False" />
          </lines>
        </class>
        <class line-rate="1" branch-rate="1" complexity="13" name="DbFacade.Utils.UnitTests.UnitTest_ULongConverter" filename="C:\Users\jsmc1\source\repos\DBFacade.Net\DbFacade.Utils.UnitTests\UnitTest_ConverterFactory.cs">
          <methods>
            <method line-rate="1" branch-rate="1" complexity="1" name="ParseByte" signature="()">
              <lines>
                <line number="301" hits="1" branch="False" />
              </lines>
            </method>
            <method line-rate="1" branch-rate="1" complexity="1" name="ParseSByte" signature="()">
              <lines>
                <line number="303" hits="1" branch="False" />
              </lines>
            </method>
            <method line-rate="1" branch-rate="1" complexity="1" name="ParseShort" signature="()">
              <lines>
                <line number="305" hits="1" branch="False" />
              </lines>
            </method>
            <method line-rate="1" branch-rate="1" complexity="1" name="ParseUshort" signature="()">
              <lines>
                <line number="307" hits="1" branch="False" />
              </lines>
            </method>
            <method line-rate="1" branch-rate="1" complexity="1" name="ParseInt" signature="()">
              <lines>
                <line number="309" hits="1" branch="False" />
              </lines>
            </method>
            <method line-rate="1" branch-rate="1" complexity="1" name="ParseUint" signature="()">
              <lines>
                <line number="311" hits="1" branch="False" />
              </lines>
            </method>
            <method line-rate="1" branch-rate="1" complexity="1" name="ParseDouble" signature="()">
              <lines>
                <line number="313" hits="1" branch="False" />
              </lines>
            </method>
            <method line-rate="1" branch-rate="1" complexity="1" name="ParseDecimal" signature="()">
              <lines>
                <line number="315" hits="1" branch="False" />
              </lines>
            </method>
            <method line-rate="1" branch-rate="1" complexity="1" name="ParseFloat" signature="()">
              <lines>
                <line number="317" hits="1" branch="False" />
              </lines>
            </method>
            <method line-rate="1" branch-rate="1" complexity="1" name="ParseChar" signature="()">
              <lines>
                <line number="319" hits="1" branch="False" />
              </lines>
            </method>
            <method line-rate="1" branch-rate="1" complexity="1" name="ParseString" signature="()">
              <lines>
                <line number="321" hits="1" branch="False" />
              </lines>
            </method>
            <method line-rate="1" branch-rate="1" complexity="1" name="ParseTestEnum0" signature="()">
              <lines>
                <line number="323" hits="1" branch="False" />
              </lines>
            </method>
            <method line-rate="1" branch-rate="1" complexity="1" name="ParseTestEnum1" signature="()">
              <lines>
                <line number="325" hits="1" branch="False" />
              </lines>
            </method>
          </methods>
          <lines>
            <line number="301" hits="1" branch="False" />
            <line number="303" hits="1" branch="False" />
            <line number="305" hits="1" branch="False" />
            <line number="307" hits="1" branch="False" />
            <line number="309" hits="1" branch="False" />
            <line number="311" hits="1" branch="False" />
            <line number="313" hits="1" branch="False" />
            <line number="315" hits="1" branch="False" />
            <line number="317" hits="1" branch="False" />
            <line number="319" hits="1" branch="False" />
            <line number="321" hits="1" branch="False" />
            <line number="323" hits="1" branch="False" />
            <line number="325" hits="1" branch="False" />
          </lines>
        </class>
        <class line-rate="1" branch-rate="1" complexity="13" name="DbFacade.Utils.UnitTests.UnitTest_DoubleConverter" filename="C:\Users\jsmc1\source\repos\DBFacade.Net\DbFacade.Utils.UnitTests\UnitTest_ConverterFactory.cs">
          <methods>
            <method line-rate="1" branch-rate="1" complexity="1" name="ParseByte" signature="()">
              <lines>
                <line number="331" hits="1" branch="False" />
              </lines>
            </method>
            <method line-rate="1" branch-rate="1" complexity="1" name="ParseSByte" signature="()">
              <lines>
                <line number="333" hits="1" branch="False" />
              </lines>
            </method>
            <method line-rate="1" branch-rate="1" complexity="1" name="ParseShort" signature="()">
              <lines>
                <line number="335" hits="1" branch="False" />
              </lines>
            </method>
            <method line-rate="1" branch-rate="1" complexity="1" name="ParseUshort" signature="()">
              <lines>
                <line number="337" hits="1" branch="False" />
              </lines>
            </method>
            <method line-rate="1" branch-rate="1" complexity="1" name="ParseInt" signature="()">
              <lines>
                <line number="339" hits="1" branch="False" />
              </lines>
            </method>
            <method line-rate="1" branch-rate="1" complexity="1" name="ParseUint" signature="()">
              <lines>
                <line number="341" hits="1" branch="False" />
              </lines>
            </method>
            <method line-rate="1" branch-rate="1" complexity="1" name="ParseDouble" signature="()">
              <lines>
                <line number="343" hits="1" branch="False" />
              </lines>
            </method>
            <method line-rate="1" branch-rate="1" complexity="1" name="ParseDecimal" signature="()">
              <lines>
                <line number="345" hits="1" branch="False" />
              </lines>
            </method>
            <method line-rate="1" branch-rate="1" complexity="1" name="ParseFloat" signature="()">
              <lines>
                <line number="347" hits="1" branch="False" />
              </lines>
            </method>
            <method line-rate="1" branch-rate="1" complexity="1" name="ParseChar" signature="()">
              <lines>
                <line number="349" hits="1" branch="False" />
              </lines>
            </method>
            <method line-rate="1" branch-rate="1" complexity="1" name="ParseString" signature="()">
              <lines>
                <line number="351" hits="1" branch="False" />
              </lines>
            </method>
            <method line-rate="1" branch-rate="1" complexity="1" name="ParseTestEnum0" signature="()">
              <lines>
                <line number="353" hits="1" branch="False" />
              </lines>
            </method>
            <method line-rate="1" branch-rate="1" complexity="1" name="ParseTestEnum1" signature="()">
              <lines>
                <line number="355" hits="1" branch="False" />
              </lines>
            </method>
          </methods>
          <lines>
            <line number="331" hits="1" branch="False" />
            <line number="333" hits="1" branch="False" />
            <line number="335" hits="1" branch="False" />
            <line number="337" hits="1" branch="False" />
            <line number="339" hits="1" branch="False" />
            <line number="341" hits="1" branch="False" />
            <line number="343" hits="1" branch="False" />
            <line number="345" hits="1" branch="False" />
            <line number="347" hits="1" branch="False" />
            <line number="349" hits="1" branch="False" />
            <line number="351" hits="1" branch="False" />
            <line number="353" hits="1" branch="False" />
            <line number="355" hits="1" branch="False" />
          </lines>
        </class>
        <class line-rate="1" branch-rate="1" complexity="13" name="DbFacade.Utils.UnitTests.UnitTest_FloatConverter" filename="C:\Users\jsmc1\source\repos\DBFacade.Net\DbFacade.Utils.UnitTests\UnitTest_ConverterFactory.cs">
          <methods>
            <method line-rate="1" branch-rate="1" complexity="1" name="ParseByte" signature="()">
              <lines>
                <line number="361" hits="1" branch="False" />
              </lines>
            </method>
            <method line-rate="1" branch-rate="1" complexity="1" name="ParseSByte" signature="()">
              <lines>
                <line number="363" hits="1" branch="False" />
              </lines>
            </method>
            <method line-rate="1" branch-rate="1" complexity="1" name="ParseShort" signature="()">
              <lines>
                <line number="365" hits="1" branch="False" />
              </lines>
            </method>
            <method line-rate="1" branch-rate="1" complexity="1" name="ParseUshort" signature="()">
              <lines>
                <line number="367" hits="1" branch="False" />
              </lines>
            </method>
            <method line-rate="1" branch-rate="1" complexity="1" name="ParseInt" signature="()">
              <lines>
                <line number="369" hits="1" branch="False" />
              </lines>
            </method>
            <method line-rate="1" branch-rate="1" complexity="1" name="ParseUint" signature="()">
              <lines>
                <line number="371" hits="1" branch="False" />
              </lines>
            </method>
            <method line-rate="1" branch-rate="1" complexity="1" name="ParseDouble" signature="()">
              <lines>
                <line number="373" hits="1" branch="False" />
              </lines>
            </method>
            <method line-rate="1" branch-rate="1" complexity="1" name="ParseDecimal" signature="()">
              <lines>
                <line number="375" hits="1" branch="False" />
              </lines>
            </method>
            <method line-rate="1" branch-rate="1" complexity="1" name="ParseFloat" signature="()">
              <lines>
                <line number="377" hits="1" branch="False" />
              </lines>
            </method>
            <method line-rate="1" branch-rate="1" complexity="1" name="ParseChar" signature="()">
              <lines>
                <line number="379" hits="1" branch="False" />
              </lines>
            </method>
            <method line-rate="1" branch-rate="1" complexity="1" name="ParseString" signature="()">
              <lines>
                <line number="381" hits="1" branch="False" />
              </lines>
            </method>
            <method line-rate="1" branch-rate="1" complexity="1" name="ParseTestEnum0" signature="()">
              <lines>
                <line number="383" hits="1" branch="False" />
              </lines>
            </method>
            <method line-rate="1" branch-rate="1" complexity="1" name="ParseTestEnum1" signature="()">
              <lines>
                <line number="385" hits="1" branch="False" />
              </lines>
            </method>
          </methods>
          <lines>
            <line number="361" hits="1" branch="False" />
            <line number="363" hits="1" branch="False" />
            <line number="365" hits="1" branch="False" />
            <line number="367" hits="1" branch="False" />
            <line number="369" hits="1" branch="False" />
            <line number="371" hits="1" branch="False" />
            <line number="373" hits="1" branch="False" />
            <line number="375" hits="1" branch="False" />
            <line number="377" hits="1" branch="False" />
            <line number="379" hits="1" branch="False" />
            <line number="381" hits="1" branch="False" />
            <line number="383" hits="1" branch="False" />
            <line number="385" hits="1" branch="False" />
          </lines>
        </class>
        <class line-rate="1" branch-rate="1" complexity="13" name="DbFacade.Utils.UnitTests.UnitTest_DecimalConverter" filename="C:\Users\jsmc1\source\repos\DBFacade.Net\DbFacade.Utils.UnitTests\UnitTest_ConverterFactory.cs">
          <methods>
            <method line-rate="1" branch-rate="1" complexity="1" name="ParseByte" signature="()">
              <lines>
                <line number="391" hits="1" branch="False" />
              </lines>
            </method>
            <method line-rate="1" branch-rate="1" complexity="1" name="ParseSByte" signature="()">
              <lines>
                <line number="393" hits="1" branch="False" />
              </lines>
            </method>
            <method line-rate="1" branch-rate="1" complexity="1" name="ParseShort" signature="()">
              <lines>
                <line number="395" hits="1" branch="False" />
              </lines>
            </method>
            <method line-rate="1" branch-rate="1" complexity="1" name="ParseUshort" signature="()">
              <lines>
                <line number="397" hits="1" branch="False" />
              </lines>
            </method>
            <method line-rate="1" branch-rate="1" complexity="1" name="ParseInt" signature="()">
              <lines>
                <line number="399" hits="1" branch="False" />
              </lines>
            </method>
            <method line-rate="1" branch-rate="1" complexity="1" name="ParseUint" signature="()">
              <lines>
                <line number="401" hits="1" branch="False" />
              </lines>
            </method>
            <method line-rate="1" branch-rate="1" complexity="1" name="ParseDouble" signature="()">
              <lines>
                <line number="403" hits="1" branch="False" />
              </lines>
            </method>
            <method line-rate="1" branch-rate="1" complexity="1" name="ParseDecimal" signature="()">
              <lines>
                <line number="405" hits="1" branch="False" />
              </lines>
            </method>
            <method line-rate="1" branch-rate="1" complexity="1" name="ParseFloat" signature="()">
              <lines>
                <line number="407" hits="1" branch="False" />
              </lines>
            </method>
            <method line-rate="1" branch-rate="1" complexity="1" name="ParseChar" signature="()">
              <lines>
                <line number="409" hits="1" branch="False" />
              </lines>
            </method>
            <method line-rate="1" branch-rate="1" complexity="1" name="ParseString" signature="()">
              <lines>
                <line number="411" hits="1" branch="False" />
              </lines>
            </method>
            <method line-rate="1" branch-rate="1" complexity="1" name="ParseTestEnum0" signature="()">
[...]
                <line number="246" hits="0" branch="False" />
                <line number="247" hits="0" branch="False" />
                <line number="249" hits="1" branch="False" />
              </lines>
            </method>
          </methods>
          <lines>
            <line number="237" hits="1" branch="False" />
            <line number="239" hits="1" branch="False" />
            <line number="240" hits="1" branch="True" condition-coverage="50% (1/2)">
              <conditions>
                <condition number="0" type="jump" coverage="50%" />
              </conditions>
            </line>
            <line number="241" hits="1" branch="False" />
            <line number="242" hits="1" branch="False" />
            <line number="244" hits="0" branch="False" />
            <line number="245" hits="0" branch="False" />
            <line number="246" hits="0" branch="False" />
            <line number="247" hits="0" branch="False" />
            <line number="249" hits="1" branch="False" />
          </lines>
        </class>
        <class line-rate="0.8" branch-rate="1" complexity="6" name="DbFacade.Utils.ValueConverter.&lt;&gt;c__DisplayClass14_0" filename="C:\Users\jsmc1\source\repos\DBFacade.Net\DbFacade.Utils\ConverterFactory.cs">
          <methods>
            <method line-rate="1" branch-rate="1" complexity="2" name="&lt;TryGetConstructor&gt;b__2" signature="(System.Reflection.ConstructorInfo)">
              <lines>
                <line number="257" hits="1" branch="True" condition-coverage="100% (2/2)">
                  <conditions>
                    <condition number="0" type="jump" coverage="100%" />
                  </conditions>
                </line>
              </lines>
            </method>
            <method line-rate="1" branch-rate="1" complexity="1" name="&lt;TryGetConstructor&gt;b__0" signature="(object, out object)">
              <lines>
                <line number="260" hits="1" branch="False" />
                <line number="262" hits="1" branch="False" />
                <line number="263" hits="1" branch="False" />
                <line number="264" hits="1" branch="False" />
                <line number="266" hits="1" branch="False" />
                <line number="267" hits="1" branch="False" />
                <line number="268" hits="1" branch="False" />
                <line number="269" hits="1" branch="False" />
                <line number="271" hits="1" branch="False" />
              </lines>
            </method>
            <method line-rate="1" branch-rate="1" complexity="2" name="&lt;TryGetConstructor&gt;b__3" signature="(System.Reflection.ConstructorInfo)">
              <lines>
                <line number="274" hits="1" branch="True" condition-coverage="100% (2/2)">
                  <conditions>
                    <condition number="0" type="jump" coverage="100%" />
                  </conditions>
                </line>
              </lines>
            </method>
            <method line-rate="0.5555555555555556" branch-rate="1" complexity="1" name="&lt;TryGetConstructor&gt;b__1" signature="(object, out object)">
              <lines>
                <line number="277" hits="1" branch="False" />
                <line number="279" hits="1" branch="False" />
                <line number="280" hits="1" branch="False" />
                <line number="281" hits="1" branch="False" />
                <line number="283" hits="0" branch="False" />
                <line number="284" hits="0" branch="False" />
                <line number="285" hits="0" branch="False" />
                <line number="286" hits="0" branch="False" />
                <line number="288" hits="1" branch="False" />
              </lines>
            </method>
          </methods>
          <lines>
            <line number="257" hits="1" branch="True" condition-coverage="100% (2/2)">
              <conditions>
                <condition number="0" type="jump" coverage="100%" />
              </conditions>
            </line>
            <line number="260" hits="1" branch="False" />
            <line number="262" hits="1" branch="False" />
            <line number="263" hits="1" branch="False" />
            <line number="264" hits="1" branch="False" />
            <line number="266" hits="1" branch="False" />
            <line number="267" hits="1" branch="False" />
            <line number="268" hits="1" branch="False" />
            <line number="269" hits="1" branch="False" />
            <line number="271" hits="1" branch="False" />
            <line number="274" hits="1" branch="True" condition-coverage="100% (2/2)">
              <conditions>
                <condition number="0" type="jump" coverage="100%" />
              </conditions>
            </line>
            <line number="277" hits="1" branch="False" />
            <line number="279" hits="1" branch="False" />
            <line number="280" hits="1" branch="False" />
            <line number="281" hits="1" branch="False" />
            <line number="283" hits="0" branch="False" />
            <line number="284" hits="0" branch="False" />
            <line number="285" hits="0" branch="False" />
            <line number="286" hits="0" branch="False" />
            <line number="288" hits="1" branch="False" />
          </lines>
        </class>
        <class line-rate="0.6666666666666666" branch-rate="0.75" complexity="8" name="DbFacade.Utils.ValueConverter.&lt;&gt;c__DisplayClass15_0" filename="C:\Users\jsmc1\source\repos\DBFacade.Net\DbFacade.Utils\ConverterFactory.cs">
          <methods>
            <method line-rate="0.6666666666666666" branch-rate="0.75" complexity="8" name="&lt;TryGetEnum&gt;b__0" signature="(object, out object)">
              <lines>
                <line number="299" hits="1" branch="False" />
                <line number="301" hits="1" branch="False" />
                <line number="302" hits="1" branch="True" condition-coverage="75% (6/8)">
                  <conditions>
                    <condition number="0" type="jump" coverage="100%" />
                    <condition number="1" type="jump" coverage="100%" />
                    <condition number="2" type="jump" coverage="50%" />
                    <condition number="3" type="jump" coverage="50%" />
                  </conditions>
                </line>
                <line number="303" hits="1" branch="False" />
                <line number="304" hits="1" branch="False" />
                <line number="305" hits="1" branch="False" />
                <line number="306" hits="1" branch="False" />
                <line number="308" hits="0" branch="False" />
                <line number="309" hits="0" branch="False" />
                <line number="310" hits="0" branch="False" />
                <line number="311" hits="0" branch="False" />
                <line number="314" hits="1" branch="False" />
              </lines>
            </method>
          </methods>
          <lines>
            <line number="299" hits="1" branch="False" />
            <line number="301" hits="1" branch="False" />
            <line number="302" hits="1" branch="True" condition-coverage="75% (6/8)">
              <conditions>
                <condition number="0" type="jump" coverage="100%" />
                <condition number="1" type="jump" coverage="100%" />
                <condition number="2" type="jump" coverage="50%" />
                <condition number="3" type="jump" coverage="50%" />
              </conditions>
            </line>
            <line number="303" hits="1" branch="False" />
            <line number="304" hits="1" branch="False" />
            <line number="305" hits="1" branch="False" />
            <line number="306" hits="1" branch="False" />
            <line number="308" hits="0" branch="False" />
            <line number="309" hits="0" branch="False" />
            <line number="310" hits="0" branch="False" />
            <line number="311" hits="0" branch="False" />
            <line number="314" hits="1" branch="False" />
          </lines>
        </class>
        <class line-rate="0.6923076923076923" branch-rate="1" complexity="2" name="DbFacade.Utils.ValueConverter.&lt;&gt;c__DisplayClass19_0" filename="C:\Users\jsmc1\source\repos\DBFacade.Net\DbFacade.Utils\ConverterFactory.cs">
          <methods>
            <method line-rate="0.6923076923076923" branch-rate="1" complexity="2" name="&lt;TryGetCast&gt;b__0" signature="(object, out object)">
              <lines>
                <line number="374" hits="1" branch="False" />
                <line number="376" hits="1" branch="False" />
                <line number="377" hits="1" branch="True" condition-coverage="100% (2/2)">
                  <conditions>
                    <condition number="0" type="jump" coverage="100%" />
                  </conditions>
                </line>
                <line number="378" hits="1" branch="False" />
                <line number="379" hits="1" branch="False" />
                <line number="380" hits="1" branch="False" />
                <line number="382" hits="1" branch="False" />
                <line number="383" hits="1" branch="False" />
                <line number="385" hits="0" branch="False" />
                <line number="386" hits="0" branch="False" />
                <line number="387" hits="0" branch="False" />
                <line number="388" hits="0" branch="False" />
                <line number="391" hits="1" branch="False" />
              </lines>
            </method>
          </methods>
          <lines>
            <line number="374" hits="1" branch="False" />
            <line number="376" hits="1" branch="False" />
            <line number="377" hits="1" branch="True" condition-coverage="100% (2/2)">
              <conditions>
                <condition number="0" type="jump" coverage="100%" />
              </conditions>
            </line>
            <line number="378" hits="1" branch="False" />
            <line number="379" hits="1" branch="False" />
            <line number="380" hits="1" branch="False" />
            <line number="382" hits="1" branch="False" />
            <line number="383" hits="1" branch="False" />
            <line number="385" hits="0" branch="False" />
            <line number="386" hits="0" branch="False" />
            <line number="387" hits="0" branch="False" />
            <line number="388" hits="0" branch="False" />
            <line number="391" hits="1" branch="False" />
          </lines>
        </class>
        <class line-rate="0.5555555555555556" branch-rate="1" complexity="1" name="DbFacade.Utils.ValueConverter.&lt;&gt;c__DisplayClass20_0&lt;T&gt;" filename="C:\Users\jsmc1\source\repos\DBFacade.Net\DbFacade.Utils\ConverterFactory.cs">
          <methods>
            <method line-rate="0.5555555555555556" branch-rate="1" complexity="1" name="&lt;ToConversionHandler&gt;b__0" signature="(object, out object)">
              <lines>
                <line number="400" hits="1" branch="False" />
                <line number="402" hits="1" branch="False" />
                <line number="403" hits="1" branch="False" />
                <line number="404" hits="1" branch="False" />
                <line number="406" hits="0" branch="False" />
                <line number="407" hits="0" branch="False" />
                <line number="408" hits="0" branch="False" />
                <line number="409" hits="0" branch="False" />
                <line number="412" hits="1" branch="False" />
              </lines>
            </method>
          </methods>
          <lines>
            <line number="400" hits="1" branch="False" />
            <line number="402" hits="1" branch="False" />
            <line number="403" hits="1" branch="False" />
            <line number="404" hits="1" branch="False" />
            <line number="406" hits="0" branch="False" />
            <line number="407" hits="0" branch="False" />
            <line number="408" hits="0" branch="False" />
            <line number="409" hits="0" branch="False" />
            <line number="412" hits="1" branch="False" />
          </lines>
        </class>
        <class line-rate="1" branch-rate="1" complexity="1" name="DbFacade.Utils.DataTableFactory.&lt;&gt;c__DisplayClass2_0&lt;To&gt;" filename="C:\Users\jsmc1\source\repos\DBFacade.Net\DbFacade.Utils\DataTableFactory.cs">
          <methods>
            <method line-rate="1" branch-rate="1" complexity="1" name="&lt;AddRows&gt;b__0" signature="(System.ValueTuple&lt;string, System.Type, System.Type, System.Func&lt;object, object&gt;, System.Action&lt;object, object&gt;&gt;)">
              <lines>
                <line number="42" hits="1" branch="False" />
              </lines>
            </method>
          </methods>
          <lines>
            <line number="42" hits="1" branch="False" />
          </lines>
        </class>
        <class line-rate="1" branch-rate="0.5" complexity="4" name="DbFacade.Utils.ClassTypeDetails.&lt;&gt;c__DisplayClass12_0" filename="C:\Users\jsmc1\source\repos\DBFacade.Net\DbFacade.Utils\DataTableFactory.cs">
          <methods>
            <method line-rate="1" branch-rate="0.5" complexity="4" name="&lt;FillEntriesWithProperties&gt;b__0" signature="(object)">
              <lines>
                <line number="94" hits="1" branch="True" condition-coverage="50% (2/4)">
                  <conditions>
                    <condition number="0" type="jump" coverage="50%" />
                    <condition number="1" type="jump" coverage="50%" />
                  </conditions>
                </line>
              </lines>
            </method>
          </methods>
          <lines>
            <line number="94" hits="1" branch="True" condition-coverage="50% (2/4)">
              <conditions>
                <condition number="0" type="jump" coverage="50%" />
                <condition number="1" type="jump" coverage="50%" />
              </conditions>
            </line>
          </lines>
        </class>
        <class line-rate="0" branch-rate="0" complexity="6" name="DbFacade.Utils.ClassTypeDetails.&lt;&gt;c__DisplayClass12_1" filename="C:\Users\jsmc1\source\repos\DBFacade.Net\DbFacade.Utils\DataTableFactory.cs">
          <methods>
            <method line-rate="0" branch-rate="0" complexity="6" name="&lt;FillEntriesWithProperties&gt;b__1" signature="(object, object)">
              <lines>
                <line number="96" hits="0" branch="False" />
                <line number="97" hits="0" branch="True" condition-coverage="0% (0/2)">
                  <conditions>
                    <condition number="0" type="jump" coverage="0%" />
                  </conditions>
                </line>
                <line number="98" hits="0" branch="True" condition-coverage="0% (0/4)">
                  <conditions>
                    <condition number="0" type="jump" coverage="0%" />
                    <condition number="1" type="jump" coverage="0%" />
                  </conditions>
                </line>
                <line number="99" hits="0" branch="False" />
                <line number="100" hits="0" branch="False" />
                <line number="101" hits="0" branch="False" />
                <line number="102" hits="0" branch="False" />
              </lines>
            </method>
          </methods>
          <lines>
            <line number="96" hits="0" branch="False" />
            <line number="97" hits="0" branch="True" condition-coverage="0% (0/2)">
              <conditions>
                <condition number="0" type="jump" coverage="0%" />
              </conditions>
            </line>
            <line number="98" hits="0" branch="True" condition-coverage="0% (0/4)">
              <conditions>
                <condition number="0" type="jump" coverage="0%" />
                <condition number="1" type="jump" coverage="0%" />
              </conditions>
            </line>
            <line number="99" hits="0" branch="False" />
            <line number="100" hits="0" branch="False" />
            <line number="101" hits="0" branch="False" />
            <line number="102" hits="0" branch="False" />
          </lines>
        </class>
        <class line-rate="1" branch-rate="1" complexity="6" name="DbFacade.Utils.ClassTypeDetails.&lt;&gt;c__DisplayClass13_0" filename="C:\Users\jsmc1\source\repos\DBFacade.Net\DbFacade.Utils\DataTableFactory.cs">
          <methods>
            <method line-rate="1" branch-rate="1" complexity="6" name="&lt;FillEntriesWithFields&gt;b__0" signature="(object)">
              <lines>
                <line number="116" hits="1" branch="True" condition-coverage="100% (6/6)">
                  <conditions>
                    <condition number="0" type="jump" coverage="100%" />
                    <condition number="1" type="jump" coverage="100%" />
                    <condition number="2" type="jump" coverage="100%" />
                  </conditions>
                </line>
              </lines>
            </method>
          </methods>
          <lines>
            <line number="116" hits="1" branch="True" condition-coverage="100% (6/6)">
              <conditions>
                <condition number="0" type="jump" coverage="100%" />
                <condition number="1" type="jump" coverage="100%" />
                <condition number="2" type="jump" coverage="100%" />
              </conditions>
            </line>
          </lines>
        </class>
        <class line-rate="0" branch-rate="0" complexity="8" name="DbFacade.Utils.ClassTypeDetails.&lt;&gt;c__DisplayClass13_1" filename="C:\Users\jsmc1\source\repos\DBFacade.Net\DbFacade.Utils\DataTableFactory.cs">
          <methods>
            <method line-rate="0" branch-rate="0" complexity="8" name="&lt;FillEntriesWithFields&gt;b__1" signature="(object, object)">
              <lines>
                <line number="118" hits="0" branch="False" />
                <line number="119" hits="0" branch="True" condition-coverage="0% (0/2)">
                  <conditions>
                    <condition number="0" type="jump" coverage="0%" />
                  </conditions>
                </line>
                <line number="120" hits="0" branch="True" condition-coverage="0% (0/6)">
                  <conditions>
                    <condition number="0" type="jump" coverage="0%" />
                    <condition number="1" type="jump" coverage="0%" />
                    <condition number="2" type="jump" coverage="0%" />
                  </conditions>
                </line>
                <line number="121" hits="0" branch="False" />
                <line number="122" hits="0" branch="False" />
                <line number="123" hits="0" branch="False" />
                <line number="124" hits="0" branch="False" />
              </lines>
            </method>
          </methods>
          <lines>
            <line number="118" hits="0" branch="False" />
            <line number="119" hits="0" branch="True" condition-coverage="0% (0/2)">
              <conditions>
                <condition number="0" type="jump" coverage="0%" />
              </conditions>
            </line>
            <line number="120" hits="0" branch="True" condition-coverage="0% (0/6)">
              <conditions>
                <condition number="0" type="jump" coverage="0%" />
                <condition number="1" type="jump" coverage="0%" />
                <condition number="2" type="jump" coverage="0%" />
              </conditions>
            </line>
            <line number="121" hits="0" branch="False" />
            <line number="122" hits="0" branch="False" />
            <line number="123" hits="0" branch="False" />
            <line number="124" hits="0" branch="False" />
          </lines>
        </class>
      </classes>
    </package>
  </packages>
</coverage>